2024-05-10T07:23:21.066Z: 已完成第0
2024-05-10T07:24:33.209Z: This is  system log,下面是本次(2024-05-10  15-24-32-821)邮件发送日志：
2024-05-10T07:24:37.110Z: 已完成第0
2024-05-10T07:26:47.701Z: This is  system log,下面是本次(2024-05-10null15-26-47:509ms)邮件发送日志：
2024-05-10T07:26:49.040Z: 已完成第0
2024-05-10T07:26:50.344Z: 已完成第0网站:http://electrobase.lv分析
2024-05-10T07:27:01.647Z: This is  system log,下面是本次(2024-05-10  15-27-1:460ms)邮件发送日志：
2024-05-10T07:27:02.873Z: 已完成第0
2024-05-10T07:27:05.907Z: 已完成第0网站:http://electrobase.lv分析
2024-05-10T07:27:59.523Z: This is  system log,下面是本次(2024-05-10  15-27-59:296ms)邮件发送日志：
2024-05-10T07:28:01.370Z: 已完成第 0
2024-05-10T07:28:02.846Z: 已完成第0网站:http://electrobase.lv分析
2024-05-10T07:28:04.463Z: 已完成第 1
2024-05-10T07:28:49.615Z: 已完成第1网站:https://www.wic-power.com分析
2024-05-10T07:28:56.218Z: 已完成第 2
2024-05-10T07:29:18.299Z: 已完成第2网站:http://southampton.ac.uk分析
2024-05-10T07:29:23.387Z: 已完成第 3
2024-05-10T07:32:07.956Z: This is  system log,下面是本次(2024-05-10  15-32-7:388ms)邮件发送日志：
2024-05-10T07:32:07.997Z: 表文件不存在,新建立表文件
2024-05-10T07:32:28.144Z: 已完成第 0
2024-05-10T07:33:27.616Z: This is  system log,下面是本次(2024-05-10  15-33-27:234ms)邮件发送日志：
2024-05-10T07:33:34.809Z: 已完成第 0
2024-05-10T07:35:19.850Z: 已完成第0网站:http://electrobase.lv分析
2024-05-10T07:35:49.808Z: 已完成第 1
2024-05-10T07:36:33.350Z: 已完成第1网站:https://www.wic-power.com分析
2024-05-10T07:36:38.165Z: 已完成第 2
2024-05-10T07:36:57.517Z: 已完成第2网站:http://southampton.ac.uk分析
2024-05-10T07:37:04.667Z: 已完成第 3
2024-05-10T07:38:16.388Z: This is  system log,下面是本次(2024-05-10  15-38-15:979ms)邮件发送日志：
2024-05-10T07:38:17.732Z: 已完成第 0网站:http://electrobase.lv获取--2024-05-10  15-38-15:979ms
2024-05-10T07:40:01.910Z: 已完成第0网站:http://electrobase.lv分析
2024-05-10T07:40:04.402Z: 已完成第 1网站:https://www.wic-power.com获取--2024-05-10  15-38-15:979ms
2024-05-10T07:40:46.050Z: 已完成第1网站:https://www.wic-power.com分析
2024-05-10T07:40:47.705Z: 已完成第 2网站:http://southampton.ac.uk获取--2024-05-10  15-38-15:979ms
2024-05-10T07:41:06.818Z: 已完成第2网站:http://southampton.ac.uk分析
2024-05-10T07:41:12.070Z: 已完成第 3网站:http://partsource.ca获取--2024-05-10  15-38-15:979ms
2024-05-10T07:44:58.253Z: 已完成第3网站:http://partsource.ca分析
2024-05-10T07:45:07.210Z: 已完成第 4网站:http://scottelectrical.co.nz获取--2024-05-10  15-38-15:979ms
2024-05-10T07:45:17.331Z: 已完成第4网站:http://scottelectrical.co.nz分析
2024-05-10T07:56:49.074Z: This is  system log,下面是本次(2024-05-10 15-56-48:821ms)邮件发送日志：
2024-05-10T07:56:56.508Z: 已完成第0网站:http://electrobase.lv获取--2024-05-10 15-56-48:821ms
2024-05-10T07:58:24.170Z: 已完成第0网站:http://electrobase.lv分析--2024-05-10 15-56-48:821ms
2024-05-10T07:58:50.853Z: 已完成第1网站:https://www.wic-power.com获取--2024-05-10 15-56-48:821ms
2024-05-10T07:59:34.047Z: 已完成第1网站:https://www.wic-power.com分析--2024-05-10 15-56-48:821ms
2024-05-10T07:59:42.261Z: 已完成第2网站:http://southampton.ac.uk获取--2024-05-10 15-56-48:821ms
2024-05-10T08:00:01.790Z: 已完成第2网站:http://southampton.ac.uk分析--2024-05-10 15-56-48:821ms
2024-05-10T08:00:10.768Z: 已完成第3网站:http://partsource.ca获取--2024-05-10 15-56-48:821ms
2024-05-10T08:03:52.775Z: 已完成第3网站:http://partsource.ca分析--2024-05-10 15-56-48:821ms
2024-05-10T08:04:09.771Z: 已完成第4网站:http://scottelectrical.co.nz获取--2024-05-10 15-56-48:821ms
2024-05-10T08:04:23.666Z: 已完成第4网站:http://scottelectrical.co.nz分析--2024-05-10 15-56-48:821ms
2024-05-10T08:04:26.279Z: 全部处理完--2024-05-10 15-56-48:821ms
2024-05-10T09:16:44.291Z: This is  system log,下面是本次(2024-05-10 17-16-44:70ms)邮件发送日志：
2024-05-10T09:16:50.967Z: 已完成第0网站:http://electrobase.lv获取--2024-05-10 17-16-44:70ms
2024-05-10T09:17:01.717Z: 已完成第0网站:http://electrobase.lv分析--2024-05-10 17-16-44:70ms
2024-05-10T09:17:29.079Z: 已完成第1网站:https://www.wic-power.com获取--2024-05-10 17-16-44:70ms
2024-05-10T09:17:29.984Z: 已完成第1网站:https://www.wic-power.com分析--2024-05-10 17-16-44:70ms
2024-05-10T09:17:34.003Z: 已完成第2网站:http://southampton.ac.uk获取--2024-05-10 17-16-44:70ms
2024-05-10T09:17:34.502Z: 已完成第2网站:http://southampton.ac.uk分析--2024-05-10 17-16-44:70ms
2024-05-10T09:17:41.334Z: 已完成第3网站:http://partsource.ca获取--2024-05-10 17-16-44:70ms
2024-05-10T09:17:45.701Z: 已完成第3网站:http://partsource.ca分析--2024-05-10 17-16-44:70ms
2024-05-10T09:17:53.780Z: 已完成第4网站:http://scottelectrical.co.nz获取--2024-05-10 17-16-44:70ms
2024-05-10T09:17:54.394Z: 已完成第4网站:http://scottelectrical.co.nz分析--2024-05-10 17-16-44:70ms
2024-05-10T09:17:55.263Z: 全部处理完--2024-05-10 17-16-44:70ms
2024-05-10T09:23:30.048Z: This is  system log,下面是本次(2024-05-10 17-23-29:784ms)邮件发送日志：
2024-05-10T09:23:38.145Z: 已完成第0网站:http://electrobase.lv获取--2024-05-10 17-23-29:784ms
2024-05-10T09:23:40.616Z: 已完成第0网站:http://electrobase.lv分析--2024-05-10 17-23-29:784ms
2024-05-10T09:24:07.907Z: 已完成第1网站:https://www.wic-power.com获取--2024-05-10 17-23-29:784ms
2024-05-10T09:24:09.014Z: 已完成第1网站:https://www.wic-power.com分析--2024-05-10 17-23-29:784ms
2024-05-10T09:24:13.519Z: 已完成第2网站:http://southampton.ac.uk获取--2024-05-10 17-23-29:784ms
2024-05-10T09:24:14.229Z: 已完成第2网站:http://southampton.ac.uk分析--2024-05-10 17-23-29:784ms
2024-05-10T09:24:18.171Z: 已完成第3网站:http://partsource.ca获取--2024-05-10 17-23-29:784ms
2024-05-10T09:24:23.913Z: 已完成第3网站:http://partsource.ca分析--2024-05-10 17-23-29:784ms
2024-05-10T09:24:33.615Z: 已完成第4网站:http://scottelectrical.co.nz获取--2024-05-10 17-23-29:784ms
2024-05-10T09:24:34.099Z: 已完成第4网站:http://scottelectrical.co.nz分析--2024-05-10 17-23-29:784ms
2024-05-10T09:24:41.332Z: 已完成第5网站:http://furukawa-battery.co.id获取--2024-05-10 17-23-29:784ms
2024-05-10T09:24:44.212Z: 已完成第5网站:http://furukawa-battery.co.id分析--2024-05-10 17-23-29:784ms
2024-05-10T09:24:49.849Z: 已完成第6网站:http://shieldbatteries.co.uk获取--2024-05-10 17-23-29:784ms
2024-05-10T09:24:51.413Z: 已完成第6网站:http://shieldbatteries.co.uk分析--2024-05-10 17-23-29:784ms
2024-05-10T09:24:52.984Z: 已完成第7网站:http://electrobase.lv获取--2024-05-10 17-23-29:784ms
2024-05-10T09:24:54.825Z: 已完成第7网站:http://electrobase.lv分析--2024-05-10 17-23-29:784ms
2024-05-10T09:25:01.967Z: 已完成第8网站:http://batteryspace.com获取--2024-05-10 17-23-29:784ms
2024-05-10T09:25:08.023Z: 已完成第8网站:http://batteryspace.com分析--2024-05-10 17-23-29:784ms
2024-05-10T09:25:12.330Z: 已完成第9网站:http://dbs.energy获取--2024-05-10 17-23-29:784ms
2024-05-10T09:25:13.182Z: 已完成第9网站:http://dbs.energy分析--2024-05-10 17-23-29:784ms
2024-05-10T09:25:14.764Z: 全部处理完--2024-05-10 17-23-29:784ms
2024-05-10T09:35:01.735Z: This is  system log,下面是本次(undefined)邮件发送日志：
2024-05-10T09:35:01.775Z: 工作表在,表名不存在,新建立工作表--undefined
2024-05-10T09:35:08.932Z: 已完成第0网站:http://electrobase.lv获取--2024-05-10 17-35-8:788ms
2024-05-10T09:35:25.243Z: This is  system log,下面是本次(undefined)邮件发送日志：
2024-05-10T09:35:25.287Z: 工作表在,表名不存在,新建立工作表--undefined
2024-05-10T09:35:32.853Z: 已完成第0网站:http://electrobase.lv获取--2024-05-10 17-35-32:271ms
2024-05-10T09:35:43.372Z: 已完成第0网站:http://electrobase.lv分析--2024-05-10 17-35-42:366ms
2024-05-10T09:36:10.463Z: 已完成第1网站:https://www.wic-power.com获取--2024-05-10 17-36-9:565ms
2024-05-10T09:36:11.730Z: 已完成第1网站:https://www.wic-power.com分析--2024-05-10 17-36-11:583ms
2024-05-10T09:36:17.996Z: 已完成第2网站:http://southampton.ac.uk获取--2024-05-10 17-36-17:618ms
2024-05-10T09:36:18.657Z: 已完成第2网站:http://southampton.ac.uk分析--2024-05-10 17-36-18:618ms
2024-05-10T09:36:23.889Z: 已完成第3网站:http://partsource.ca获取--2024-05-10 17-36-23:659ms
2024-05-10T09:36:29.635Z: 已完成第3网站:http://partsource.ca分析--2024-05-10 17-36-28:713ms
2024-05-10T09:36:38.502Z: 已完成第4网站:http://scottelectrical.co.nz获取--2024-05-10 17-36-37:777ms
2024-05-10T09:36:38.941Z: 已完成第4网站:http://scottelectrical.co.nz分析--2024-05-10 17-36-38:779ms
2024-05-10T09:36:45.798Z: 已完成第5网站:http://furukawa-battery.co.id获取--2024-05-10 17-36-44:806ms
2024-05-10T09:36:48.754Z: 已完成第5网站:http://furukawa-battery.co.id分析--2024-05-10 17-36-47:834ms
2024-05-10T09:36:52.769Z: 已完成第6网站:http://shieldbatteries.co.uk获取--2024-05-10 17-36-51:871ms
2024-05-10T09:36:54.328Z: 已完成第6网站:http://shieldbatteries.co.uk分析--2024-05-10 17-36-53:886ms
2024-05-10T09:36:55.667Z: 已完成第7网站:http://electrobase.lv获取--2024-05-10 17-36-54:890ms
2024-05-10T09:36:57.600Z: 已完成第7网站:http://electrobase.lv分析--2024-05-10 17-36-56:896ms
2024-05-10T09:37:06.831Z: 已完成第8网站:http://batteryspace.com获取--2024-05-10 17-37-5:948ms
2024-05-10T09:37:12.851Z: 已完成第8网站:http://batteryspace.com分析--2024-05-10 17-37-11:979ms
2024-05-10T09:37:17.838Z: 已完成第9网站:http://dbs.energy获取--2024-05-10 17-37-16:997ms
2024-05-10T09:37:18.684Z: 已完成第9网站:http://dbs.energy分析--2024-05-10 17-37-17:997ms
2024-05-10T09:44:07.151Z: This is  system log,下面是本次(undefined)邮件发送日志：
2024-05-10T09:44:07.184Z: 工作表在,表名不存在,新建立工作表--undefined
2024-05-10T09:44:14.506Z: 已完成第0网站:http://electrobase.lv获取--2024-05-10 17-44-14:195ms
2024-05-10T09:44:25.109Z: 已完成第0网站:http://electrobase.lv分析--2024-05-10 17-44-24:273ms
2024-05-10T09:44:51.688Z: 已完成第1网站:https://www.wic-power.com获取--2024-05-10 17-44-51:454ms
2024-05-10T09:44:52.887Z: 已完成第1网站:https://www.wic-power.com分析--2024-05-10 17-44-52:463ms
2024-05-10T09:44:57.158Z: 已完成第2网站:http://southampton.ac.uk获取--2024-05-10 17-44-56:494ms
2024-05-10T09:44:57.796Z: 已完成第2网站:http://southampton.ac.uk分析--2024-05-10 17-44-57:507ms
2024-05-10T09:45:01.931Z: 已完成第3网站:http://partsource.ca获取--2024-05-10 17-45-1:536ms
2024-05-10T09:45:07.659Z: 已完成第3网站:http://partsource.ca分析--2024-05-10 17-45-7:576ms
2024-05-10T09:45:17.165Z: 已完成第4网站:http://scottelectrical.co.nz获取--2024-05-10 17-45-16:636ms
2024-05-10T09:45:17.603Z: 已完成第4网站:http://scottelectrical.co.nz分析--2024-05-10 17-45-16:636ms
2024-05-10T09:46:59.818Z: jina.ai接口请求失败AxiosError: Request failed with status code 524--2024-05-10 17-46-59:353ms
2024-05-10T09:47:02.258Z: 已完成第6网站:http://shieldbatteries.co.uk获取--2024-05-10 17-47-1:376ms
2024-05-10T09:47:03.925Z: 已完成第6网站:http://shieldbatteries.co.uk分析--2024-05-10 17-47-3:398ms
2024-05-10T09:47:08.711Z: 已完成第7网站:http://electrobase.lv获取--2024-05-10 17-47-8:446ms
2024-05-10T09:47:10.542Z: 已完成第7网站:http://electrobase.lv分析--2024-05-10 17-47-10:460ms
2024-05-10T09:47:28.014Z: 已完成第8网站:http://batteryspace.com获取--2024-05-10 17-47-27:581ms
2024-05-10T09:47:34.058Z: 已完成第8网站:http://batteryspace.com分析--2024-05-10 17-47-33:615ms
2024-05-10T09:47:39.106Z: 已完成第9网站:http://dbs.energy获取--2024-05-10 17-47-38:638ms
2024-05-10T09:47:39.964Z: 已完成第9网站:http://dbs.energy分析--2024-05-10 17-47-39:647ms
2024-05-10T09:50:28.400Z: This is  system log,下面是本次(undefined)邮件发送日志：
2024-05-10T09:50:28.438Z: 工作表在,表名不存在,新建立工作表--undefined
2024-05-10T09:50:35.006Z: 已完成第0网站:http://electrobase.lv获取--2024-05-10 17-50-34:433ms
2024-05-10T09:50:36.881Z: 已完成第0网站:http://electrobase.lv分析--2024-05-10 17-50-36:448ms
2024-05-10T09:50:54.570Z: This is  system log,下面是本次(undefined)邮件发送日志：
2024-05-10T09:50:54.619Z: 工作表在,表名不存在,新建立工作表--undefined
2024-05-10T09:50:56.037Z: 已完成第0网站:http://electrobase.lv获取--2024-05-10 17-50-55:580ms
2024-05-10T09:50:56.237Z: 已完成第0网站:http://electrobase.lv分析--2024-05-10 17-50-55:580ms
2024-05-10T09:51:25.972Z: 已完成第1网站:https://www.wic-power.com获取--2024-05-10 17-51-25:778ms
2024-05-10T09:51:27.069Z: 已完成第1网站:https://www.wic-power.com分析--2024-05-10 17-51-26:781ms
2024-05-10T09:51:31.091Z: 已完成第2网站:http://southampton.ac.uk获取--2024-05-10 17-51-30:801ms
2024-05-10T09:51:31.726Z: 已完成第2网站:http://southampton.ac.uk分析--2024-05-10 17-51-30:801ms
2024-05-10T09:51:37.143Z: 已完成第3网站:http://partsource.ca获取--2024-05-10 17-51-36:835ms
2024-05-10T09:51:42.882Z: 已完成第3网站:http://partsource.ca分析--2024-05-10 17-51-42:862ms
2024-05-10T09:51:50.925Z: 已完成第4网站:http://scottelectrical.co.nz获取--2024-05-10 17-51-50:904ms
2024-05-10T09:51:51.448Z: 已完成第4网站:http://scottelectrical.co.nz分析--2024-05-10 17-51-50:904ms
2024-05-10T09:51:57.745Z: 已完成第5网站:http://furukawa-battery.co.id获取--2024-05-10 17-51-56:945ms
2024-05-10T09:52:00.605Z: 已完成第5网站:http://furukawa-battery.co.id分析--2024-05-10 17-51-59:970ms
2024-05-10T09:52:02.476Z: 已完成第6网站:http://shieldbatteries.co.uk获取--2024-05-10 17-52-1:983ms
2024-05-10T09:52:04.031Z: 已完成第6网站:http://shieldbatteries.co.uk分析--2024-05-10 17-52-4:3ms
2024-05-10T09:52:05.608Z: 已完成第7网站:http://electrobase.lv获取--2024-05-10 17-52-5:15ms
2024-05-10T09:52:07.447Z: 已完成第7网站:http://electrobase.lv分析--2024-05-10 17-52-7:39ms
2024-05-10T09:52:09.157Z: 已完成第8网站:http://batteryspace.com获取--2024-05-10 17-52-9:64ms
2024-05-10T09:52:15.224Z: 已完成第8网站:http://batteryspace.com分析--2024-05-10 17-52-15:99ms
2024-05-10T09:52:18.023Z: 已完成第9网站:http://dbs.energy获取--2024-05-10 17-52-17:109ms
2024-05-10T09:52:18.855Z: 已完成第9网站:http://dbs.energy分析--2024-05-10 17-52-18:121ms
2024-05-10T09:52:24.787Z: 已完成第10网站:http://enerproject.com获取--2024-05-10 17-52-24:169ms
2024-05-10T09:52:27.431Z: 已完成第10网站:http://enerproject.com分析--2024-05-10 17-52-27:189ms
2024-05-10T09:58:48.890Z: This is  system log,下面是本次(undefined)邮件发送日志：
2024-05-10T09:58:56.101Z: 已完成第0网站:http://electrobase.lv获取--2024-05-10 17-58-55:933ms
2024-05-10T09:59:06.625Z: 已完成第0网站:http://electrobase.lv分析--2024-05-10 17-59-6:10ms
2024-05-10T09:59:34.716Z: 已完成第1网站:https://www.wic-power.com获取--2024-05-10 17-59-34:302ms
2024-05-10T09:59:35.971Z: 已完成第1网站:https://www.wic-power.com分析--2024-05-10 17-59-35:305ms
2024-05-10T09:59:40.053Z: 已完成第2网站:http://southampton.ac.uk获取--2024-05-10 17-59-39:340ms
2024-05-10T09:59:40.699Z: 已完成第2网站:http://southampton.ac.uk分析--2024-05-10 17-59-40:350ms
2024-05-10T09:59:47.209Z: 已完成第3网站:http://partsource.ca获取--2024-05-10 17-59-46:417ms
2024-05-10T09:59:52.926Z: 已完成第3网站:http://partsource.ca分析--2024-05-10 17-59-52:479ms
2024-05-10T10:00:01.195Z: 已完成第4网站:http://scottelectrical.co.nz获取--2024-05-10 18-0-0:513ms
2024-05-10T10:00:01.616Z: 已完成第4网站:http://scottelectrical.co.nz分析--2024-05-10 18-0-1:517ms
2024-05-10T10:00:13.552Z: 已完成第5网站:http://furukawa-battery.co.id获取--2024-05-10 18-0-12:609ms
2024-05-10T10:00:16.316Z: 已完成第5网站:http://furukawa-battery.co.id分析--2024-05-10 18-0-15:631ms
2024-05-10T10:00:20.118Z: 已完成第6网站:http://shieldbatteries.co.uk获取--2024-05-10 18-0-19:675ms
2024-05-10T10:00:21.678Z: 已完成第6网站:http://shieldbatteries.co.uk分析--2024-05-10 18-0-20:681ms
2024-05-10T10:00:23.192Z: 已完成第7网站:http://electrobase.lv获取--2024-05-10 18-0-22:685ms
2024-05-10T10:00:25.052Z: 已完成第7网站:http://electrobase.lv分析--2024-05-10 18-0-24:704ms
2024-05-10T10:00:31.291Z: 已完成第8网站:http://batteryspace.com获取--2024-05-10 18-0-30:772ms
2024-05-10T10:00:37.357Z: 已完成第8网站:http://batteryspace.com分析--2024-05-10 18-0-36:839ms
2024-05-10T10:00:41.963Z: 已完成第9网站:http://dbs.energy获取--2024-05-10 18-0-41:899ms
2024-05-10T10:00:42.818Z: 已完成第9网站:http://dbs.energy分析--2024-05-10 18-0-41:899ms
2024-05-10T10:00:47.469Z: 已完成第10网站:http://enerproject.com获取--2024-05-10 18-0-46:939ms
2024-05-10T10:00:50.099Z: 已完成第10网站:http://enerproject.com分析--2024-05-10 18-0-49:979ms
2024-05-10T10:00:50.274Z: 全部处理完--2024-05-10 18-0-49:979ms
2024-05-10T10:15:17.401Z: This is  system log,下面是本次(undefined)邮件发送日志：
2024-05-10T10:15:24.437Z: 已完成第0网站:http://electrobase.lv获取--2024-05-10 18-15-23:440ms
2024-05-10T10:15:35.115Z: 已完成第0网站:http://electrobase.lv分析--2024-05-10 18-15-34:535ms
2024-05-10T10:16:00.733Z: 已完成第1网站:https://www.wic-power.com获取--2024-05-10 18-16-0:700ms
2024-05-10T10:16:01.973Z: 已完成第1网站:https://www.wic-power.com分析--2024-05-10 18-16-1:707ms
2024-05-10T10:16:07.207Z: 已完成第2网站:http://southampton.ac.uk获取--2024-05-10 18-16-6:733ms
2024-05-10T10:16:07.849Z: 已完成第2网站:http://southampton.ac.uk分析--2024-05-10 18-16-7:745ms
2024-05-10T10:16:15.659Z: 已完成第3网站:http://partsource.ca获取--2024-05-10 18-16-14:786ms
2024-05-10T10:16:21.344Z: 已完成第3网站:http://partsource.ca分析--2024-05-10 18-16-20:815ms
2024-05-10T10:16:29.484Z: 已完成第4网站:http://scottelectrical.co.nz获取--2024-05-10 18-16-28:872ms
2024-05-10T10:16:29.967Z: 已完成第4网站:http://scottelectrical.co.nz分析--2024-05-10 18-16-29:878ms
2024-05-10T10:16:42.205Z: 已完成第5网站:http://furukawa-battery.co.id获取--2024-05-10 18-16-41:963ms
2024-05-10T10:16:44.977Z: 已完成第5网站:http://furukawa-battery.co.id分析--2024-05-10 18-16-43:983ms
2024-05-10T10:16:48.908Z: 已完成第6网站:http://shieldbatteries.co.uk获取--2024-05-10 18-16-48:12ms
2024-05-10T10:16:50.462Z: 已完成第6网站:http://shieldbatteries.co.uk分析--2024-05-10 18-16-50:42ms
2024-05-10T10:16:51.719Z: 已完成第7网站:http://electrobase.lv获取--2024-05-10 18-16-51:53ms
2024-05-10T10:16:53.558Z: 已完成第7网站:http://electrobase.lv分析--2024-05-10 18-16-53:92ms
2024-05-10T10:17:09.306Z: 已完成第8网站:http://batteryspace.com获取--2024-05-10 18-17-9:235ms
2024-05-10T10:17:15.323Z: 已完成第8网站:http://batteryspace.com分析--2024-05-10 18-17-15:271ms
2024-05-10T10:17:21.078Z: 已完成第9网站:http://dbs.energy获取--2024-05-10 18-17-20:315ms
2024-05-10T10:17:21.922Z: 已完成第9网站:http://dbs.energy分析--2024-05-10 18-17-21:323ms
2024-05-10T10:17:26.527Z: 已完成第10网站:http://enerproject.com获取--2024-05-10 18-17-26:347ms
2024-05-10T10:17:29.153Z: 已完成第10网站:http://enerproject.com分析--2024-05-10 18-17-28:367ms
